
══════════════════════════════════════════════════════════════════════
🚀 MONITOR MEJORADO - EJECUTADO
═'.repeat(70)}
RUN_ID:     run_1773285965782
CHECKED_AT: 2026-03-12T03:26:05.782Z


📋 Procesando 15 vendedores...


──────────────────────────────────────────────────────────────────────
🏪 TIOPACO - Monedas y Antigüedades (ID: 42794274)
  📡 Scrapeando Scrapfly para seller 42794274...
  ✅ HTML recibido: 1060800 bytes
  ✅ Items encontrados: 108
  ⚠️  No se pudo obtener MLU108423111439: getaddrinfo ENOTFOUND api.mercadolibre.com.uy
  ⚠️  No se pudo obtener MLU107029798080: getaddrinfo ENOTFOUND api.mercadolibre.com.uy
  ⚠️  No se pudo obtener MLU83997405973: getaddrinfo ENOTFOUND api.mercadolibre.com.uy
  ⚠️  No se pudo obtener MLU715614128: getaddrinfo ENOTFOUND api.mercadolibre.com.uy
  ⚠️  No se pudo obtener MLU1089936084: getaddrinfo ENOTFOUND api.mercadolibre.com.uy
  ⚠️  No se pudo obtener MLU692225504: getaddrinfo ENOTFOUND api.mercadolibre.com.uy
  ⚠️  No se pudo obtener MLU698699540: getaddrinfo ENOTFOUND api.mercadolibre.com.uy
  ⚠️  No se pudo obtener MLU1095099460: getaddrinfo ENOTFOUND api.mercadolibre.com.uy
  ⚠️  No se pudo obtener MLU1367: getaddrinfo ENOTFOUND api.mercadolibre.com.uy
  ⚠️  No se pudo obtener MLU442458: getaddrinfo ENOTFOUND api.mercadolibre.com.uy
  ⚠️  No se pudo obtener MLU713356960: getaddrinfo ENOTFOUND api.mercadolibre.com.uy
  ⚠️  No se pudo obtener MLU674532108: getaddrinfo ENOTFOUND api.mercadolibre.com.uy
  ⚠️  No se pudo obtener MLU702218882: getaddrinfo ENOTFOUND api.mercadolibre.com.uy
  ⚠️  No se pudo obtener MLU675957340: getaddrinfo ENOTFOUND api.mercadolibre.com.uy
  ⚠️  No se pudo obtener MLU702335258: getaddrinfo ENOTFOUND api.mercadolibre.com.uy
  ⚠️  No se pudo obtener MLU681564732: getaddrinfo ENOTFOUND api.mercadolibre.com.uy
  ⚠️  No se pudo obtener MLU681595158: getaddrinfo ENOTFOUND api.mercadolibre.com.uy
  ⚠️  No se pudo obtener MLU680695452: getaddrinfo ENOTFOUND api.mercadolibre.com.uy
  ⚠️  No se pudo obtener MLU974587054: getaddrinfo ENOTFOUND api.mercadolibre.com.uy
  ⚠️  No se pudo obtener MLU645402059: getaddrinfo ENOTFOUND api.mercadolibre.com.uy
  ⚠️  No se pudo obtener MLU718045744: getaddrinfo ENOTFOUND api.mercadolibre.com.uy
  ⚠️  No se pudo obtener MLU947937976: getaddrinfo ENOTFOUND api.mercadolibre.com.uy
  ⚠️  No se pudo obtener MLU643250085: getaddrinfo ENOTFOUND api.mercadolibre.com.uy
  ⚠️  No se pudo obtener MLU970196908: getaddrinfo ENOTFOUND api.mercadolibre.com.uy
  ⚠️  No se pudo obtener MLU446874382: getaddrinfo ENOTFOUND api.mercadolibre.com.uy
  ⚠️  No se pudo obtener MLU688401366: getaddrinfo ENOTFOUND api.mercadolibre.com.uy
  ⚠️  No se pudo obtener MLU445577352: getaddrinfo ENOTFOUND api.mercadolibre.com.uy
  ⚠️  No se pudo obtener MLU718216134: getaddrinfo ENOTFOUND api.mercadolibre.com.uy
  ⚠️  No se pudo obtener MLU461295129: getaddrinfo ENOTFOUND api.mercadolibre.com.uy
  ⚠️  No se pudo obtener MLU445042544: getaddrinfo ENOTFOUND api.mercadolibre.com.uy
  ⚠️  No se pudo obtener MLU459961985: getaddrinfo ENOTFOUND api.mercadolibre.com.uy
  ⚠️  No se pudo obtener MLU608832637: getaddrinfo ENOTFOUND api.mercadolibre.com.uy
  ⚠️  No se pudo obtener MLU462482858: getaddrinfo ENOTFOUND api.mercadolibre.com.uy
  ⚠️  No se pudo obtener MLU948728544: getaddrinfo ENOTFOUND api.mercadolibre.com.uy
  ⚠️  No se pudo obtener MLU448289343: getaddrinfo ENOTFOUND api.mercadolibre.com.uy
  ⚠️  No se pudo obtener MLU460817880: getaddrinfo ENOTFOUND api.mercadolibre.com.uy
  ⚠️  No se pudo obtener MLU646559031: getaddrinfo ENOTFOUND api.mercadolibre.com.uy
  ⚠️  No se pudo obtener MLU461051266: getaddrinfo ENOTFOUND api.mercadolibre.com.uy
  ⚠️  No se pudo obtener MLU461095966: getaddrinfo ENOTFOUND api.mercadolibre.com.uy
  ⚠️  No se pudo obtener MLU464395744: getaddrinfo ENOTFOUND api.mercadolibre.com.uy
  ⚠️  No se pudo obtener MLU731620366: getaddrinfo ENOTFOUND api.mercadolibre.com.uy
  ⚠️  No se pudo obtener MLU947899178: getaddrinfo ENOTFOUND api.mercadolibre.com.uy
  ⚠️  No se pudo obtener MLU701980362: getaddrinfo ENOTFOUND api.mercadolibre.com.uy
  ⚠️  No se pudo obtener MLU703937036: getaddrinfo ENOTFOUND api.mercadolibre.com.uy
  ⚠️  No se pudo obtener MLU653889471: getaddrinfo ENOTFOUND api.mercadolibre.com.uy
  ⚠️  No se pudo obtener MLU706254168: getaddrinfo ENOTFOUND api.mercadolibre.com.uy
  ⚠️  No se pudo obtener MLU960199346: getaddrinfo ENOTFOUND api.mercadolibre.com.uy
  ⚠️  No se pudo obtener MLU732629516: getaddrinfo ENOTFOUND api.mercadolibre.com.uy
  ⚠️  No se pudo obtener MLU907487486: getaddrinfo ENOTFOUND api.mercadolibre.com.uy
  ⚠️  No se pudo obtener MLU654176849: getaddrinfo ENOTFOUND api.mercadolibre.com.uy
  ❌ ERROR: 0 items

──────────────────────────────────────────────────────────────────────
🏪 ERNESTO UNION (ID: 82819150)
  📡 Scrapeando Scrapfly para seller 82819150...
  ✅ HTML recibido: 1206780 bytes
  ✅ Items encontrados: 139
  ⚠️  No se pudo obtener MLU100859232098: getaddrinfo ENOTFOUND api.mercadolibre.com.uy
  ⚠️  No se pudo obtener MLU106801816190: getaddrinfo ENOTFOUND api.mercadolibre.com.uy
  ⚠️  No se pudo obtener MLU25058593282: getaddrinfo ENOTFOUND api.mercadolibre.com.uy
  ⚠️  No se pudo obtener MLU617092965: getaddrinfo ENOTFOUND api.mercadolibre.com.uy
  ⚠️  No se pudo obtener MLU992715922: getaddrinfo ENOTFOUND api.mercadolibre.com.uy
  ⚠️  No se pudo obtener MLU1090114574: getaddrinfo ENOTFOUND api.mercadolibre.com.uy
  ⚠️  No se pudo obtener MLU444681244: getaddrinfo ENOTFOUND api.mercadolibre.com.uy
  ⚠️  No se pudo obtener MLU653074775: getaddrinfo ENOTFOUND api.mercadolibre.com.uy
  ⚠️  No se pudo obtener MLU5725: getaddrinfo ENOTFOUND api.mercadolibre.com.uy
  ⚠️  No se pudo obtener MLU1071: getaddrinfo ENOTFOUND api.mercadolibre.com.uy
  ⚠️  No se pudo obtener MLU1367: getaddrinfo ENOTFOUND api.mercadolibre.com.uy
  ⚠️  No se pudo obtener MLU442392: getaddrinfo ENOTFOUND api.mercadolibre.com.uy
  ⚠️  No se pudo obtener MLU1246: getaddrinfo ENOTFOUND api.mercadolibre.com.uy
  ⚠️  No se pudo obtener MLU1500: getaddrinfo ENOTFOUND api.mercadolibre.com.uy
  ⚠️  No se pudo obtener MLU1039: getaddrinfo ENOTFOUND api.mercadolibre.com.uy
  ⚠️  No se pudo obtener MLU1276: getaddrinfo ENOTFOUND api.mercadolibre.com.uy
  ⚠️  No se pudo obtener MLU5726: getaddrinfo ENOTFOUND api.mercadolibre.com.uy
  ⚠️  No se pudo obtener MLU208736: getaddrinfo ENOTFOUND api.mercadolibre.com.uy
  ⚠️  No se pudo obtener MLU1574: getaddrinfo ENOTFOUND api.mercadolibre.com.uy
  ⚠️  No se pudo obtener MLU1499: getaddrinfo ENOTFOUND api.mercadolibre.com.uy
  ⚠️  No se pudo obtener MLU1182: getaddrinfo ENOTFOUND api.mercadolibre.com.uy
  ⚠️  No se pudo obtener MLU3937: getaddrinfo ENOTFOUND api.mercadolibre.com.uy
  ⚠️  No se pudo obtener MLU1132: getaddrinfo ENOTFOUND api.mercadolibre.com.uy
  ⚠️  No se pudo obtener MLU1430: getaddrinfo ENOTFOUND api.mercadolibre.com.uy
  ⚠️  No se pudo obtener MLU409431: getaddrinfo ENOTFOUND api.mercadolibre.com.uy
  ⚠️  No se pudo obtener MLU111079: getaddrinfo ENOTFOUND api.mercadolibre.com.uy
  ⚠️  No se pudo obtener MLU451020163: getaddrinfo ENOTFOUND api.mercadolibre.com.uy
  ⚠️  No se pudo obtener MLU804637460: getaddrinfo ENOTFOUND api.mercadolibre.com.uy
  ⚠️  No se pudo obtener MLU959485316: getaddrinfo ENOTFOUND api.mercadolibre.com.uy
  ⚠️  No se pudo obtener MLU452032929: getaddrinfo ENOTFOUND api.mercadolibre.com.uy
  ⚠️  No se pudo obtener MLU469379800: getaddrinfo ENOTFOUND api.mercadolibre.com.uy
  ⚠️  No se pudo obtener MLU612669280: getaddrinfo ENOTFOUND api.mercadolibre.com.uy
  ⚠️  No se pudo obtener MLU445511040: getaddrinfo ENOTFOUND api.mercadolibre.com.uy
  ⚠️  No se pudo obtener MLU618074804: getaddrinfo ENOTFOUND api.mercadolibre.com.uy
  ⚠️  No se pudo obtener MLU980410704: getaddrinfo ENOTFOUND api.mercadolibre.com.uy
  ⚠️  No se pudo obtener MLU602968949: getaddrinfo ENOTFOUND api.mercadolibre.com.uy
  ⚠️  No se pudo obtener MLU696569490: getaddrinfo ENOTFOUND api.mercadolibre.com.uy
  ⚠️  No se pudo obtener MLU666252960: getaddrinfo ENOTFOUND api.mercadolibre.com.uy
  ⚠️  No se pudo obtener MLU467911220: getaddrinfo ENOTFOUND api.mercadolibre.com.uy
  ⚠️  No se pudo obtener MLU460931128: getaddrinfo ENOTFOUND api.mercadolibre.com.uy
  ⚠️  No se pudo obtener MLU656830092: getaddrinfo ENOTFOUND api.mercadolibre.com.uy
  ⚠️  No se pudo obtener MLU621916904: getaddrinfo ENOTFOUND api.mercadolibre.com.uy
  ⚠️  No se pudo obtener MLU643140777: getaddrinfo ENOTFOUND api.mercadolibre.com.uy
  ⚠️  No se pudo obtener MLU644842342: getaddrinfo ENOTFOUND api.mercadolibre.com.uy
  ⚠️  No se pudo obtener MLU455493881: getaddrinfo ENOTFOUND api.mercadolibre.com.uy
  ⚠️  No se pudo obtener MLU476929456: getaddrinfo ENOTFOUND api.mercadolibre.com.uy
  ⚠️  No se pudo obtener MLU863180226: getaddrinfo ENOTFOUND api.mercadolibre.com.uy
  ⚠️  No se pudo obtener MLU863972892: getaddrinfo ENOTFOUND api.mercadolibre.com.uy
  ⚠️  No se pudo obtener MLU922211568: getaddrinfo ENOTFOUND api.mercadolibre.com.uy
  ⚠️  No se pudo obtener MLU612700232: getaddrinfo ENOTFOUND api.mercadolibre.com.uy
  ❌ ERROR: 0 items

──────────────────────────────────────────────────────────────────────
🏪 KAMBA CUA (ID: 191098554)
  📡 Scrapeando Scrapfly para seller 191098554...
  ✅ HTML recibido: 1315958 bytes
  ✅ Items encontrados: 246
  ⚠️  No se pudo obtener MLU51274093797: getaddrinfo ENOTFOUND api.mercadolibre.com.uy
  ⚠️  No se pudo obtener MLU48149782561: getaddrinfo ENOTFOUND api.mercadolibre.com.uy
  ⚠️  No se pudo obtener MLU106675510473: getaddrinfo ENOTFOUND api.mercadolibre.com.uy
  ⚠️  No se pudo obtener MLU758643028: getaddrinfo ENOTFOUND api.mercadolibre.com.uy
  ⚠️  No se pudo obtener MLU617204700: getaddrinfo ENOTFOUND api.mercadolibre.com.uy
  ⚠️  No se pudo obtener MLU603895486: getaddrinfo ENOTFOUND api.mercadolibre.com.uy
  ⚠️  No se pudo obtener MLU656897341: getaddrinfo ENOTFOUND api.mercadolibre.com.uy
  ⚠️  No se pudo obtener MLU615189380: getaddrinfo ENOTFOUND api.mercadolibre.com.uy
  ⚠️  No se pudo obtener MLU5725: getaddrinfo ENOTFOUND api.mercadolibre.com.uy
  ⚠️  No se pudo obtener MLU1512: getaddrinfo ENOTFOUND api.mercadolibre.com.uy
  ⚠️  No se pudo obtener MLU1403: getaddrinfo ENOTFOUND api.mercadolibre.com.uy
  ⚠️  No se pudo obtener MLU1071: getaddrinfo ENOTFOUND api.mercadolibre.com.uy
  ⚠️  No se pudo obtener MLU1367: getaddrinfo ENOTFOUND api.mercadolibre.com.uy
  ⚠️  No se pudo obtener MLU442392: getaddrinfo ENOTFOUND api.mercadolibre.com.uy
  ⚠️  No se pudo obtener MLU1384: getaddrinfo ENOTFOUND api.mercadolibre.com.uy
  ⚠️  No se pudo obtener MLU1246: getaddrinfo ENOTFOUND api.mercadolibre.com.uy
  ⚠️  No se pudo obtener MLU1051: getaddrinfo ENOTFOUND api.mercadolibre.com.uy
  ⚠️  No se pudo obtener MLU1648: getaddrinfo ENOTFOUND api.mercadolibre.com.uy
  ⚠️  No se pudo obtener MLU1144: getaddrinfo ENOTFOUND api.mercadolibre.com.uy
  ⚠️  No se pudo obtener MLU1500: getaddrinfo ENOTFOUND api.mercadolibre.com.uy
  ⚠️  No se pudo obtener MLU1039: getaddrinfo ENOTFOUND api.mercadolibre.com.uy
  ⚠️  No se pudo obtener MLU1276: getaddrinfo ENOTFOUND api.mercadolibre.com.uy
  ⚠️  No se pudo obtener MLU5726: getaddrinfo ENOTFOUND api.mercadolibre.com.uy
  ⚠️  No se pudo obtener MLU1000: getaddrinfo ENOTFOUND api.mercadolibre.com.uy
  ⚠️  No se pudo obtener MLU208736: getaddrinfo ENOTFOUND api.mercadolibre.com.uy
  ⚠️  No se pudo obtener MLU1574: getaddrinfo ENOTFOUND api.mercadolibre.com.uy
  ⚠️  No se pudo obtener MLU1499: getaddrinfo ENOTFOUND api.mercadolibre.com.uy
  ⚠️  No se pudo obtener MLU1182: getaddrinfo ENOTFOUND api.mercadolibre.com.uy
  ⚠️  No se pudo obtener MLU3937: getaddrinfo ENOTFOUND api.mercadolibre.com.uy
  ⚠️  No se pudo obtener MLU1132: getaddrinfo ENOTFOUND api.mercadolibre.com.uy
  ⚠️  No se pudo obtener MLU442458: getaddrinfo ENOTFOUND api.mercadolibre.com.uy
  ⚠️  No se pudo obtener MLU1168: getaddrinfo ENOTFOUND api.mercadolibre.com.uy
  ⚠️  No se pudo obtener MLU1430: getaddrinfo ENOTFOUND api.mercadolibre.com.uy
  ⚠️  No se pudo obtener MLU409431: getaddrinfo ENOTFOUND api.mercadolibre.com.uy
  ⚠️  No se pudo obtener MLU111079: getaddrinfo ENOTFOUND api.mercadolibre.com.uy
  ⚠️  No se pudo obtener MLU1953: getaddrinfo ENOTFOUND api.mercadolibre.com.uy
  ⚠️  No se pudo obtener MLU454789946: getaddrinfo ENOTFOUND api.mercadolibre.com.uy
  ⚠️  No se pudo obtener MLU863189168: getaddrinfo ENOTFOUND api.mercadolibre.com.uy
  ⚠️  No se pudo obtener MLU824721826: getaddrinfo ENOTFOUND api.mercadolibre.com.uy
  ⚠️  No se pudo obtener MLU603876256: getaddrinfo ENOTFOUND api.mercadolibre.com.uy
  ⚠️  No se pudo obtener MLU602136098: getaddrinfo ENOTFOUND api.mercadolibre.com.uy
  ⚠️  No se pudo obtener MLU451279462: getaddrinfo ENOTFOUND api.mercadolibre.com.uy
  ⚠️  No se pudo obtener MLU637228596: getaddrinfo ENOTFOUND api.mercadolibre.com.uy
  ⚠️  No se pudo obtener MLU606568562: getaddrinfo ENOTFOUND api.mercadolibre.com.uy
  ⚠️  No se pudo obtener MLU611759030: getaddrinfo ENOTFOUND api.mercadolibre.com.uy
  ⚠️  No se pudo obtener MLU655864848: getaddrinfo ENOTFOUND api.mercadolibre.com.uy
  ⚠️  No se pudo obtener MLU828690234: getaddrinfo ENOTFOUND api.mercadolibre.com.uy
  ⚠️  No se pudo obtener MLU656740776: getaddrinfo ENOTFOUND api.mercadolibre.com.uy
  ⚠️  No se pudo obtener MLU737466184: getaddrinfo ENOTFOUND api.mercadolibre.com.uy
  ⚠️  No se pudo obtener MLU693721668: getaddrinfo ENOTFOUND api.mercadolibre.com.uy
  ❌ ERROR: 0 items

──────────────────────────────────────────────────────────────────────
🏪 AMADO LIBROS LIBRERIA EN LINEA (ID: 440298103)
  📡 Scrapeando Scrapfly para seller 440298103...
  ✅ HTML recibido: 2214910 bytes
  ✅ Items encontrados: 121
  ⚠️  No se pudo obtener MLU631885765: getaddrinfo ENOTFOUND api.mercadolibre.com.uy
  ⚠️  No se pudo obtener MLU863168230: getaddrinfo ENOTFOUND api.mercadolibre.com.uy
  ⚠️  No se pudo obtener MLU651487542: getaddrinfo ENOTFOUND api.mercadolibre.com.uy
  ⚠️  No se pudo obtener MLU925803096: getaddrinfo ENOTFOUND api.mercadolibre.com.uy
  ⚠️  No se pudo obtener MLU648669567: getaddrinfo ENOTFOUND api.mercadolibre.com.uy
  ⚠️  No se pudo obtener MLU1367: getaddrinfo ENOTFOUND api.mercadolibre.com.uy
  ⚠️  No se pudo obtener MLU442392: getaddrinfo ENOTFOUND api.mercadolibre.com.uy
  ⚠️  No se pudo obtener MLU1132: getaddrinfo ENOTFOUND api.mercadolibre.com.uy
  ⚠️  No se pudo obtener MLU442458: getaddrinfo ENOTFOUND api.mercadolibre.com.uy
  ⚠️  No se pudo obtener MLU1168: getaddrinfo ENOTFOUND api.mercadolibre.com.uy
  ⚠️  No se pudo obtener MLU1953: getaddrinfo ENOTFOUND api.mercadolibre.com.uy
  ⚠️  No se pudo obtener MLU1042770714: getaddrinfo ENOTFOUND api.mercadolibre.com.uy
  ⚠️  No se pudo obtener MLU1009752258: getaddrinfo ENOTFOUND api.mercadolibre.com.uy
  ⚠️  No se pudo obtener MLU1066547700: getaddrinfo ENOTFOUND api.mercadolibre.com.uy
  ⚠️  No se pudo obtener MLU739987626: getaddrinfo ENOTFOUND api.mercadolibre.com.uy
  ⚠️  No se pudo obtener MLU873719712: getaddrinfo ENOTFOUND api.mercadolibre.com.uy
  ⚠️  No se pudo obtener MLU677032062: getaddrinfo ENOTFOUND api.mercadolibre.com.uy
  ⚠️  No se pudo obtener MLU728061756: getaddrinfo ENOTFOUND api.mercadolibre.com.uy
  ⚠️  No se pudo obtener MLU756471638: getaddrinfo ENOTFOUND api.mercadolibre.com.uy
  ⚠️  No se pudo obtener MLU961152240: getaddrinfo ENOTFOUND api.mercadolibre.com.uy
  ⚠️  No se pudo obtener MLU649115108: getaddrinfo ENOTFOUND api.mercadolibre.com.uy
  ⚠️  No se pudo obtener MLU925792312: getaddrinfo ENOTFOUND api.mercadolibre.com.uy
  ⚠️  No se pudo obtener MLU886198504: getaddrinfo ENOTFOUND api.mercadolibre.com.uy
  ⚠️  No se pudo obtener MLU982841864: getaddrinfo ENOTFOUND api.mercadolibre.com.uy
  ⚠️  No se pudo obtener MLU659667106: getaddrinfo ENOTFOUND api.mercadolibre.com.uy
  ⚠️  No se pudo obtener MLU702434416: getaddrinfo ENOTFOUND api.mercadolibre.com.uy
  ⚠️  No se pudo obtener MLU889461694: getaddrinfo ENOTFOUND api.mercadolibre.com.uy
  ⚠️  No se pudo obtener MLU628092022: getaddrinfo ENOTFOUND api.mercadolibre.com.uy
  ⚠️  No se pudo obtener MLU1044629576: getaddrinfo ENOTFOUND api.mercadolibre.com.uy
  ⚠️  No se pudo obtener MLU727997306: getaddrinfo ENOTFOUND api.mercadolibre.com.uy
  ⚠️  No se pudo obtener MLU1034268514: getaddrinfo ENOTFOUND api.mercadolibre.com.uy
  ⚠️  No se pudo obtener MLU660271896: getaddrinfo ENOTFOUND api.mercadolibre.com.uy
  ⚠️  No se pudo obtener MLU1029309702: getaddrinfo ENOTFOUND api.mercadolibre.com.uy
  ⚠️  No se pudo obtener MLU644231457: getaddrinfo ENOTFOUND api.mercadolibre.com.uy
  ⚠️  No se pudo obtener MLU787391332: getaddrinfo ENOTFOUND api.mercadolibre.com.uy
  ⚠️  No se pudo obtener MLU900589550: getaddrinfo ENOTFOUND api.mercadolibre.com.uy
  ⚠️  No se pudo obtener MLU697219848: getaddrinfo ENOTFOUND api.mercadolibre.com.uy
  ⚠️  No se pudo obtener MLU804559330: getaddrinfo ENOTFOUND api.mercadolibre.com.uy
  ⚠️  No se pudo obtener MLU996050360: getaddrinfo ENOTFOUND api.mercadolibre.com.uy
  ⚠️  No se pudo obtener MLU853004412: getaddrinfo ENOTFOUND api.mercadolibre.com.uy
  ⚠️  No se pudo obtener MLU631882787: getaddrinfo ENOTFOUND api.mercadolibre.com.uy
  ⚠️  No se pudo obtener MLU732216560: getaddrinfo ENOTFOUND api.mercadolibre.com.uy
  ⚠️  No se pudo obtener MLU693167272: getaddrinfo ENOTFOUND api.mercadolibre.com.uy
  ⚠️  No se pudo obtener MLU884307200: getaddrinfo ENOTFOUND api.mercadolibre.com.uy
  ⚠️  No se pudo obtener MLU1041015522: getaddrinfo ENOTFOUND api.mercadolibre.com.uy
  ⚠️  No se pudo obtener MLU714185506: getaddrinfo ENOTFOUND api.mercadolibre.com.uy
  ⚠️  No se pudo obtener MLU652109478: getaddrinfo ENOTFOUND api.mercadolibre.com.uy
  ⚠️  No se pudo obtener MLU741248698: getaddrinfo ENOTFOUND api.mercadolibre.com.uy
  ⚠️  No se pudo obtener MLU1034320504: getaddrinfo ENOTFOUND api.mercadolibre.com.uy
  ⚠️  No se pudo obtener MLU628795848: getaddrinfo ENOTFOUND api.mercadolibre.com.uy
  ❌ ERROR: 0 items

──────────────────────────────────────────────────────────────────────
🏪 LAVITRINA (ID: 65472902)
  📡 Scrapeando Scrapfly para seller 65472902...
  ✅ HTML recibido: 1151137 bytes
  ✅ Items encontrados: 147
  ⚠️  No se pudo obtener MLU89503217098: getaddrinfo ENOTFOUND api.mercadolibre.com.uy
  ⚠️  No se pudo obtener MLU78243884490: getaddrinfo ENOTFOUND api.mercadolibre.com.uy
  ⚠️  No se pudo obtener MLU92804737202: getaddrinfo ENOTFOUND api.mercadolibre.com.uy
  ⚠️  No se pudo obtener MLU873308810: getaddrinfo ENOTFOUND api.mercadolibre.com.uy
  ⚠️  No se pudo obtener MLU819602580: getaddrinfo ENOTFOUND api.mercadolibre.com.uy
  ⚠️  No se pudo obtener MLU451744494: getaddrinfo ENOTFOUND api.mercadolibre.com.uy
  ⚠️  No se pudo obtener MLU819785638: getaddrinfo ENOTFOUND api.mercadolibre.com.uy
  ⚠️  No se pudo obtener MLU874356774: getaddrinfo ENOTFOUND api.mercadolibre.com.uy
  ⚠️  No se pudo obtener MLU5725: getaddrinfo ENOTFOUND api.mercadolibre.com.uy
  ⚠️  No se pudo obtener MLU1367: getaddrinfo ENOTFOUND api.mercadolibre.com.uy
  ⚠️  No se pudo obtener MLU442392: getaddrinfo ENOTFOUND api.mercadolibre.com.uy
  ⚠️  No se pudo obtener MLU1384: getaddrinfo ENOTFOUND api.mercadolibre.com.uy
  ⚠️  No se pudo obtener MLU1246: getaddrinfo ENOTFOUND api.mercadolibre.com.uy
  ⚠️  No se pudo obtener MLU1276: getaddrinfo ENOTFOUND api.mercadolibre.com.uy
  ⚠️  No se pudo obtener MLU1000: getaddrinfo ENOTFOUND api.mercadolibre.com.uy
  ⚠️  No se pudo obtener MLU1574: getaddrinfo ENOTFOUND api.mercadolibre.com.uy
  ⚠️  No se pudo obtener MLU1499: getaddrinfo ENOTFOUND api.mercadolibre.com.uy
  ⚠️  No se pudo obtener MLU3937: getaddrinfo ENOTFOUND api.mercadolibre.com.uy
  ⚠️  No se pudo obtener MLU1132: getaddrinfo ENOTFOUND api.mercadolibre.com.uy
  ⚠️  No se pudo obtener MLU442458: getaddrinfo ENOTFOUND api.mercadolibre.com.uy
  ⚠️  No se pudo obtener MLU1168: getaddrinfo ENOTFOUND api.mercadolibre.com.uy
  ⚠️  No se pudo obtener MLU1430: getaddrinfo ENOTFOUND api.mercadolibre.com.uy
  ⚠️  No se pudo obtener MLU409431: getaddrinfo ENOTFOUND api.mercadolibre.com.uy
  ⚠️  No se pudo obtener MLU111079: getaddrinfo ENOTFOUND api.mercadolibre.com.uy
  ⚠️  No se pudo obtener MLU1953: getaddrinfo ENOTFOUND api.mercadolibre.com.uy
  ⚠️  No se pudo obtener MLU873802300: getaddrinfo ENOTFOUND api.mercadolibre.com.uy
  ⚠️  No se pudo obtener MLU472539888: getaddrinfo ENOTFOUND api.mercadolibre.com.uy
  ⚠️  No se pudo obtener MLU649294660: getaddrinfo ENOTFOUND api.mercadolibre.com.uy
  ⚠️  No se pudo obtener MLU655249433: getaddrinfo ENOTFOUND api.mercadolibre.com.uy
  ⚠️  No se pudo obtener MLU472539741: getaddrinfo ENOTFOUND api.mercadolibre.com.uy
  ⚠️  No se pudo obtener MLU819538182: getaddrinfo ENOTFOUND api.mercadolibre.com.uy
  ⚠️  No se pudo obtener MLU798375422: getaddrinfo ENOTFOUND api.mercadolibre.com.uy
  ⚠️  No se pudo obtener MLU798362550: getaddrinfo ENOTFOUND api.mercadolibre.com.uy
  ⚠️  No se pudo obtener MLU787923328: getaddrinfo ENOTFOUND api.mercadolibre.com.uy
  ⚠️  No se pudo obtener MLU798388494: getaddrinfo ENOTFOUND api.mercadolibre.com.uy
  ⚠️  No se pudo obtener MLU798427680: getaddrinfo ENOTFOUND api.mercadolibre.com.uy
  ⚠️  No se pudo obtener MLU815445624: getaddrinfo ENOTFOUND api.mercadolibre.com.uy
  ⚠️  No se pudo obtener MLU815446148: getaddrinfo ENOTFOUND api.mercadolibre.com.uy
  ⚠️  No se pudo obtener MLU472007630: getaddrinfo ENOTFOUND api.mercadolibre.com.uy
  ⚠️  No se pudo obtener MLU819629304: getaddrinfo ENOTFOUND api.mercadolibre.com.uy
  ⚠️  No se pudo obtener MLU444131782: getaddrinfo ENOTFOUND api.mercadolibre.com.uy
  ⚠️  No se pudo obtener MLU669935118: getaddrinfo ENOTFOUND api.mercadolibre.com.uy
  ⚠️  No se pudo obtener MLU684690140: getaddrinfo ENOTFOUND api.mercadolibre.com.uy
  ⚠️  No se pudo obtener MLU472539569: getaddrinfo ENOTFOUND api.mercadolibre.com.uy
  ⚠️  No se pudo obtener MLU472015254: getaddrinfo ENOTFOUND api.mercadolibre.com.uy
  ⚠️  No se pudo obtener MLU480524494: getaddrinfo ENOTFOUND api.mercadolibre.com.uy
  ⚠️  No se pudo obtener MLU444133646: getaddrinfo ENOTFOUND api.mercadolibre.com.uy
  ⚠️  No se pudo obtener MLU444134061: getaddrinfo ENOTFOUND api.mercadolibre.com.uy
  ⚠️  No se pudo obtener MLU704446786: getaddrinfo ENOTFOUND api.mercadolibre.com.uy
  ⚠️  No se pudo obtener MLU852399376: getaddrinfo ENOTFOUND api.mercadolibre.com.uy
  ❌ ERROR: 0 items

──────────────────────────────────────────────────────────────────────
🏪 GAMI4040741 (ID: 278811319)
  📡 Scrapeando Scrapfly para seller 278811319...
  ✅ HTML recibido: 1143162 bytes
  ✅ Items encontrados: 143
  ⚠️  No se pudo obtener MLU77979902550: getaddrinfo ENOTFOUND api.mercadolibre.com.uy
  ⚠️  No se pudo obtener MLU89140272760: getaddrinfo ENOTFOUND api.mercadolibre.com.uy
  ⚠️  No se pudo obtener MLU85793924998: getaddrinfo ENOTFOUND api.mercadolibre.com.uy
  ⚠️  No se pudo obtener MLU962501666: getaddrinfo ENOTFOUND api.mercadolibre.com.uy
  ⚠️  No se pudo obtener MLU689404932: getaddrinfo ENOTFOUND api.mercadolibre.com.uy
  ⚠️  No se pudo obtener MLU705191912: getaddrinfo ENOTFOUND api.mercadolibre.com.uy
  ⚠️  No se pudo obtener MLU744030742: getaddrinfo ENOTFOUND api.mercadolibre.com.uy
  ⚠️  No se pudo obtener MLU853093312: getaddrinfo ENOTFOUND api.mercadolibre.com.uy
  ⚠️  No se pudo obtener MLU5725: getaddrinfo ENOTFOUND api.mercadolibre.com.uy
  ⚠️  No se pudo obtener MLU1367: getaddrinfo ENOTFOUND api.mercadolibre.com.uy
  ⚠️  No se pudo obtener MLU1051: getaddrinfo ENOTFOUND api.mercadolibre.com.uy
  ⚠️  No se pudo obtener MLU1144: getaddrinfo ENOTFOUND api.mercadolibre.com.uy
  ⚠️  No se pudo obtener MLU1500: getaddrinfo ENOTFOUND api.mercadolibre.com.uy
  ⚠️  No se pudo obtener MLU1039: getaddrinfo ENOTFOUND api.mercadolibre.com.uy
  ⚠️  No se pudo obtener MLU5726: getaddrinfo ENOTFOUND api.mercadolibre.com.uy
  ⚠️  No se pudo obtener MLU1000: getaddrinfo ENOTFOUND api.mercadolibre.com.uy
  ⚠️  No se pudo obtener MLU208736: getaddrinfo ENOTFOUND api.mercadolibre.com.uy
  ⚠️  No se pudo obtener MLU1574: getaddrinfo ENOTFOUND api.mercadolibre.com.uy
  ⚠️  No se pudo obtener MLU1499: getaddrinfo ENOTFOUND api.mercadolibre.com.uy
  ⚠️  No se pudo obtener MLU3937: getaddrinfo ENOTFOUND api.mercadolibre.com.uy
  ⚠️  No se pudo obtener MLU1132: getaddrinfo ENOTFOUND api.mercadolibre.com.uy
  ⚠️  No se pudo obtener MLU1430: getaddrinfo ENOTFOUND api.mercadolibre.com.uy
  ⚠️  No se pudo obtener MLU884580214: getaddrinfo ENOTFOUND api.mercadolibre.com.uy
  ⚠️  No se pudo obtener MLU650861451: getaddrinfo ENOTFOUND api.mercadolibre.com.uy
  ⚠️  No se pudo obtener MLU935675498: getaddrinfo ENOTFOUND api.mercadolibre.com.uy
  ⚠️  No se pudo obtener MLU935662604: getaddrinfo ENOTFOUND api.mercadolibre.com.uy
  ⚠️  No se pudo obtener MLU757472528: getaddrinfo ENOTFOUND api.mercadolibre.com.uy
  ⚠️  No se pudo obtener MLU783512346: getaddrinfo ENOTFOUND api.mercadolibre.com.uy
  ⚠️  No se pudo obtener MLU833606622: getaddrinfo ENOTFOUND api.mercadolibre.com.uy
  ⚠️  No se pudo obtener MLU757395036: getaddrinfo ENOTFOUND api.mercadolibre.com.uy
  ⚠️  No se pudo obtener MLU654084583: getaddrinfo ENOTFOUND api.mercadolibre.com.uy
  ⚠️  No se pudo obtener MLU970141760: getaddrinfo ENOTFOUND api.mercadolibre.com.uy
  ⚠️  No se pudo obtener MLU630433415: getaddrinfo ENOTFOUND api.mercadolibre.com.uy
  ⚠️  No se pudo obtener MLU677510312: getaddrinfo ENOTFOUND api.mercadolibre.com.uy
  ⚠️  No se pudo obtener MLU721479310: getaddrinfo ENOTFOUND api.mercadolibre.com.uy
  ⚠️  No se pudo obtener MLU728113892: getaddrinfo ENOTFOUND api.mercadolibre.com.uy
  ⚠️  No se pudo obtener MLU705218130: getaddrinfo ENOTFOUND api.mercadolibre.com.uy
  ⚠️  No se pudo obtener MLU679915192: getaddrinfo ENOTFOUND api.mercadolibre.com.uy
  ⚠️  No se pudo obtener MLU729994448: getaddrinfo ENOTFOUND api.mercadolibre.com.uy
  ⚠️  No se pudo obtener MLU959304620: getaddrinfo ENOTFOUND api.mercadolibre.com.uy
  ⚠️  No se pudo obtener MLU866400138: getaddrinfo ENOTFOUND api.mercadolibre.com.uy
  ⚠️  No se pudo obtener MLU680980706: getaddrinfo ENOTFOUND api.mercadolibre.com.uy
  ⚠️  No se pudo obtener MLU862998118: getaddrinfo ENOTFOUND api.mercadolibre.com.uy
  ⚠️  No se pudo obtener MLU962258116: getaddrinfo ENOTFOUND api.mercadolibre.com.uy
  ⚠️  No se pudo obtener MLU828402890: getaddrinfo ENOTFOUND api.mercadolibre.com.uy
  ⚠️  No se pudo obtener MLU828519126: getaddrinfo ENOTFOUND api.mercadolibre.com.uy
  ⚠️  No se pudo obtener MLU740809912: getaddrinfo ENOTFOUND api.mercadolibre.com.uy
  ⚠️  No se pudo obtener MLU935644796: getaddrinfo ENOTFOUND api.mercadolibre.com.uy
  ⚠️  No se pudo obtener MLU699919118: getaddrinfo ENOTFOUND api.mercadolibre.com.uy
  ⚠️  No se pudo obtener MLU759072416: getaddrinfo ENOTFOUND api.mercadolibre.com.uy
  ❌ ERROR: 0 items

──────────────────────────────────────────────────────────────────────
🏪 SYLVIAPOMBOSANSBERRO (ID: 165896717)
  📡 Scrapeando Scrapfly para seller 165896717...
  ✅ HTML recibido: 1167778 bytes
  ✅ Items encontrados: 133
  ⚠️  No se pudo obtener MLU82429003568: getaddrinfo ENOTFOUND api.mercadolibre.com.uy
  ⚠️  No se pudo obtener MLU88978230375: getaddrinfo ENOTFOUND api.mercadolibre.com.uy
  ⚠️  No se pudo obtener MLU82840374619: getaddrinfo ENOTFOUND api.mercadolibre.com.uy
  ⚠️  No se pudo obtener MLU801191958: getaddrinfo ENOTFOUND api.mercadolibre.com.uy
  ⚠️  No se pudo obtener MLU617717817: getaddrinfo ENOTFOUND api.mercadolibre.com.uy
  ⚠️  No se pudo obtener MLU801868128: getaddrinfo ENOTFOUND api.mercadolibre.com.uy
  ⚠️  No se pudo obtener MLU602877524: getaddrinfo ENOTFOUND api.mercadolibre.com.uy
  ⚠️  No se pudo obtener MLU732293912: getaddrinfo ENOTFOUND api.mercadolibre.com.uy
  ⚠️  No se pudo obtener MLU1071: getaddrinfo ENOTFOUND api.mercadolibre.com.uy
  ⚠️  No se pudo obtener MLU1367: getaddrinfo ENOTFOUND api.mercadolibre.com.uy
  ⚠️  No se pudo obtener MLU442392: getaddrinfo ENOTFOUND api.mercadolibre.com.uy
  ⚠️  No se pudo obtener MLU1039: getaddrinfo ENOTFOUND api.mercadolibre.com.uy
  ⚠️  No se pudo obtener MLU1276: getaddrinfo ENOTFOUND api.mercadolibre.com.uy
  ⚠️  No se pudo obtener MLU5726: getaddrinfo ENOTFOUND api.mercadolibre.com.uy
  ⚠️  No se pudo obtener MLU208736: getaddrinfo ENOTFOUND api.mercadolibre.com.uy
  ⚠️  No se pudo obtener MLU1574: getaddrinfo ENOTFOUND api.mercadolibre.com.uy
  ⚠️  No se pudo obtener MLU1499: getaddrinfo ENOTFOUND api.mercadolibre.com.uy
  ⚠️  No se pudo obtener MLU1182: getaddrinfo ENOTFOUND api.mercadolibre.com.uy
  ⚠️  No se pudo obtener MLU3937: getaddrinfo ENOTFOUND api.mercadolibre.com.uy
  ⚠️  No se pudo obtener MLU1132: getaddrinfo ENOTFOUND api.mercadolibre.com.uy
  ⚠️  No se pudo obtener MLU442458: getaddrinfo ENOTFOUND api.mercadolibre.com.uy
  ⚠️  No se pudo obtener MLU1953: getaddrinfo ENOTFOUND api.mercadolibre.com.uy
  ⚠️  No se pudo obtener MLU707880616: getaddrinfo ENOTFOUND api.mercadolibre.com.uy
  ⚠️  No se pudo obtener MLU459585581: getaddrinfo ENOTFOUND api.mercadolibre.com.uy
  ⚠️  No se pudo obtener MLU963095752: getaddrinfo ENOTFOUND api.mercadolibre.com.uy
  ⚠️  No se pudo obtener MLU693167932: getaddrinfo ENOTFOUND api.mercadolibre.com.uy
  ⚠️  No se pudo obtener MLU819733148: getaddrinfo ENOTFOUND api.mercadolibre.com.uy
  ⚠️  No se pudo obtener MLU656831597: getaddrinfo ENOTFOUND api.mercadolibre.com.uy
  ⚠️  No se pudo obtener MLU697337828: getaddrinfo ENOTFOUND api.mercadolibre.com.uy
  ⚠️  No se pudo obtener MLU697006606: getaddrinfo ENOTFOUND api.mercadolibre.com.uy
  ⚠️  No se pudo obtener MLU727174466: getaddrinfo ENOTFOUND api.mercadolibre.com.uy
  ⚠️  No se pudo obtener MLU646824349: getaddrinfo ENOTFOUND api.mercadolibre.com.uy
  ⚠️  No se pudo obtener MLU654942637: getaddrinfo ENOTFOUND api.mercadolibre.com.uy
  ⚠️  No se pudo obtener MLU654306923: getaddrinfo ENOTFOUND api.mercadolibre.com.uy
  ⚠️  No se pudo obtener MLU706131018: getaddrinfo ENOTFOUND api.mercadolibre.com.uy
  ⚠️  No se pudo obtener MLU603409569: getaddrinfo ENOTFOUND api.mercadolibre.com.uy
  ⚠️  No se pudo obtener MLU1068949332: getaddrinfo ENOTFOUND api.mercadolibre.com.uy
  ⚠️  No se pudo obtener MLU848852446: getaddrinfo ENOTFOUND api.mercadolibre.com.uy
  ⚠️  No se pudo obtener MLU638939126: getaddrinfo ENOTFOUND api.mercadolibre.com.uy
  ⚠️  No se pudo obtener MLU654137463: getaddrinfo ENOTFOUND api.mercadolibre.com.uy
  ⚠️  No se pudo obtener MLU960051624: getaddrinfo ENOTFOUND api.mercadolibre.com.uy
  ⚠️  No se pudo obtener MLU713027596: getaddrinfo ENOTFOUND api.mercadolibre.com.uy
  ⚠️  No se pudo obtener MLU925906756: getaddrinfo ENOTFOUND api.mercadolibre.com.uy
  ⚠️  No se pudo obtener MLU618172255: getaddrinfo ENOTFOUND api.mercadolibre.com.uy
  ⚠️  No se pudo obtener MLU618164865: getaddrinfo ENOTFOUND api.mercadolibre.com.uy
  ⚠️  No se pudo obtener MLU652128435: getaddrinfo ENOTFOUND api.mercadolibre.com.uy
  ⚠️  No se pudo obtener MLU707267136: getaddrinfo ENOTFOUND api.mercadolibre.com.uy
  ⚠️  No se pudo obtener MLU477264464: getaddrinfo ENOTFOUND api.mercadolibre.com.uy
  ⚠️  No se pudo obtener MLU684371990: getaddrinfo ENOTFOUND api.mercadolibre.com.uy
  ⚠️  No se pudo obtener MLU615064304: getaddrinfo ENOTFOUND api.mercadolibre.com.uy
  ❌ ERROR: 0 items

──────────────────────────────────────────────────────────────────────
🏪 CAAAD7314725 (ID: 792978463)
  📡 Scrapeando Scrapfly para seller 792978463...
  ✅ HTML recibido: 1015217 bytes
  ✅ Items encontrados: 115
  ⚠️  No se pudo obtener MLU86422505930: getaddrinfo ENOTFOUND api.mercadolibre.com.uy
  ⚠️  No se pudo obtener MLU86472363929: getaddrinfo ENOTFOUND api.mercadolibre.com.uy
  ⚠️  No se pudo obtener MLU76678663741: getaddrinfo ENOTFOUND api.mercadolibre.com.uy
  ⚠️  No se pudo obtener MLU884385108: getaddrinfo ENOTFOUND api.mercadolibre.com.uy
  ⚠️  No se pudo obtener MLU758552596: getaddrinfo ENOTFOUND api.mercadolibre.com.uy
  ⚠️  No se pudo obtener MLU756224994: getaddrinfo ENOTFOUND api.mercadolibre.com.uy
  ⚠️  No se pudo obtener MLU680663722: getaddrinfo ENOTFOUND api.mercadolibre.com.uy
  ⚠️  No se pudo obtener MLU907548060: getaddrinfo ENOTFOUND api.mercadolibre.com.uy
  ⚠️  No se pudo obtener MLU1367: getaddrinfo ENOTFOUND api.mercadolibre.com.uy
  ⚠️  No se pudo obtener MLU442392: getaddrinfo ENOTFOUND api.mercadolibre.com.uy
  ⚠️  No se pudo obtener MLU1384: getaddrinfo ENOTFOUND api.mercadolibre.com.uy
  ⚠️  No se pudo obtener MLU1574: getaddrinfo ENOTFOUND api.mercadolibre.com.uy
  ⚠️  No se pudo obtener MLU1499: getaddrinfo ENOTFOUND api.mercadolibre.com.uy
  ⚠️  No se pudo obtener MLU3937: getaddrinfo ENOTFOUND api.mercadolibre.com.uy
  ⚠️  No se pudo obtener MLU1132: getaddrinfo ENOTFOUND api.mercadolibre.com.uy
  ⚠️  No se pudo obtener MLU1430: getaddrinfo ENOTFOUND api.mercadolibre.com.uy
  ⚠️  No se pudo obtener MLU1953: getaddrinfo ENOTFOUND api.mercadolibre.com.uy
  ⚠️  No se pudo obtener MLU811241234: getaddrinfo ENOTFOUND api.mercadolibre.com.uy
  ⚠️  No se pudo obtener MLU907469890: getaddrinfo ENOTFOUND api.mercadolibre.com.uy
  ⚠️  No se pudo obtener MLU848918268: getaddrinfo ENOTFOUND api.mercadolibre.com.uy
  ⚠️  No se pudo obtener MLU717536506: getaddrinfo ENOTFOUND api.mercadolibre.com.uy
  ⚠️  No se pudo obtener MLU644948441: getaddrinfo ENOTFOUND api.mercadolibre.com.uy
  ⚠️  No se pudo obtener MLU686733890: getaddrinfo ENOTFOUND api.mercadolibre.com.uy
  ⚠️  No se pudo obtener MLU690042930: getaddrinfo ENOTFOUND api.mercadolibre.com.uy
  ⚠️  No se pudo obtener MLU845047320: getaddrinfo ENOTFOUND api.mercadolibre.com.uy
  ⚠️  No se pudo obtener MLU1001357328: getaddrinfo ENOTFOUND api.mercadolibre.com.uy
  ⚠️  No se pudo obtener MLU886523556: getaddrinfo ENOTFOUND api.mercadolibre.com.uy
  ⚠️  No se pudo obtener MLU741691708: getaddrinfo ENOTFOUND api.mercadolibre.com.uy
  ⚠️  No se pudo obtener MLU987396032: getaddrinfo ENOTFOUND api.mercadolibre.com.uy
  ⚠️  No se pudo obtener MLU643347867: getaddrinfo ENOTFOUND api.mercadolibre.com.uy
  ⚠️  No se pudo obtener MLU949700528: getaddrinfo ENOTFOUND api.mercadolibre.com.uy
  ⚠️  No se pudo obtener MLU1040175490: getaddrinfo ENOTFOUND api.mercadolibre.com.uy
  ⚠️  No se pudo obtener MLU688976080: getaddrinfo ENOTFOUND api.mercadolibre.com.uy
  ⚠️  No se pudo obtener MLU645544097: getaddrinfo ENOTFOUND api.mercadolibre.com.uy
  ⚠️  No se pudo obtener MLU997804010: getaddrinfo ENOTFOUND api.mercadolibre.com.uy
  ⚠️  No se pudo obtener MLU671216316: getaddrinfo ENOTFOUND api.mercadolibre.com.uy
  ⚠️  No se pudo obtener MLU716529112: getaddrinfo ENOTFOUND api.mercadolibre.com.uy
  ⚠️  No se pudo obtener MLU688907910: getaddrinfo ENOTFOUND api.mercadolibre.com.uy
  ⚠️  No se pudo obtener MLU716637664: getaddrinfo ENOTFOUND api.mercadolibre.com.uy
  ⚠️  No se pudo obtener MLU1102507300: getaddrinfo ENOTFOUND api.mercadolibre.com.uy
  ⚠️  No se pudo obtener MLU642323193: getaddrinfo ENOTFOUND api.mercadolibre.com.uy
  ⚠️  No se pudo obtener MLU680640032: getaddrinfo ENOTFOUND api.mercadolibre.com.uy
  ⚠️  No se pudo obtener MLU802131966: getaddrinfo ENOTFOUND api.mercadolibre.com.uy
  ⚠️  No se pudo obtener MLU935794112: getaddrinfo ENOTFOUND api.mercadolibre.com.uy
  ⚠️  No se pudo obtener MLU640994507: getaddrinfo ENOTFOUND api.mercadolibre.com.uy
  ⚠️  No se pudo obtener MLU823877994: getaddrinfo ENOTFOUND api.mercadolibre.com.uy
  ⚠️  No se pudo obtener MLU935704148: getaddrinfo ENOTFOUND api.mercadolibre.com.uy
  ⚠️  No se pudo obtener MLU769634198: getaddrinfo ENOTFOUND api.mercadolibre.com.uy
  ⚠️  No se pudo obtener MLU742406478: getaddrinfo ENOTFOUND api.mercadolibre.com.uy
  ⚠️  No se pudo obtener MLU716959296: getaddrinfo ENOTFOUND api.mercadolibre.com.uy
  ❌ ERROR: 0 items

──────────────────────────────────────────────────────────────────────
🏪 CARLOFOTOGRAFIAS (ID: 65437681)
  📡 Scrapeando Scrapfly para seller 65437681...
  ✅ HTML recibido: 1182809 bytes
  ✅ Items encontrados: 119
  ⚠️  No se pudo obtener MLU94131358133: getaddrinfo ENOTFOUND api.mercadolibre.com.uy
  ⚠️  No se pudo obtener MLU83153697575: getaddrinfo ENOTFOUND api.mercadolibre.com.uy
  ⚠️  No se pudo obtener MLU94074844245: getaddrinfo ENOTFOUND api.mercadolibre.com.uy
  ⚠️  No se pudo obtener MLU628230403: getaddrinfo ENOTFOUND api.mercadolibre.com.uy
  ⚠️  No se pudo obtener MLU609674017: getaddrinfo ENOTFOUND api.mercadolibre.com.uy
  ⚠️  No se pudo obtener MLU624703594: getaddrinfo ENOTFOUND api.mercadolibre.com.uy
  ⚠️  No se pudo obtener MLU617132029: getaddrinfo ENOTFOUND api.mercadolibre.com.uy
  ⚠️  No se pudo obtener MLU613258451: getaddrinfo ENOTFOUND api.mercadolibre.com.uy
  ⚠️  No se pudo obtener MLU5725: getaddrinfo ENOTFOUND api.mercadolibre.com.uy
  ⚠️  No se pudo obtener MLU1367: getaddrinfo ENOTFOUND api.mercadolibre.com.uy
  ⚠️  No se pudo obtener MLU1246: getaddrinfo ENOTFOUND api.mercadolibre.com.uy
  ⚠️  No se pudo obtener MLU1648: getaddrinfo ENOTFOUND api.mercadolibre.com.uy
  ⚠️  No se pudo obtener MLU1144: getaddrinfo ENOTFOUND api.mercadolibre.com.uy
  ⚠️  No se pudo obtener MLU1039: getaddrinfo ENOTFOUND api.mercadolibre.com.uy
  ⚠️  No se pudo obtener MLU1276: getaddrinfo ENOTFOUND api.mercadolibre.com.uy
  ⚠️  No se pudo obtener MLU208736: getaddrinfo ENOTFOUND api.mercadolibre.com.uy
  ⚠️  No se pudo obtener MLU1574: getaddrinfo ENOTFOUND api.mercadolibre.com.uy
  ⚠️  No se pudo obtener MLU442458: getaddrinfo ENOTFOUND api.mercadolibre.com.uy
  ⚠️  No se pudo obtener MLU1430: getaddrinfo ENOTFOUND api.mercadolibre.com.uy
  ⚠️  No se pudo obtener MLU409431: getaddrinfo ENOTFOUND api.mercadolibre.com.uy
  ⚠️  No se pudo obtener MLU478890892: getaddrinfo ENOTFOUND api.mercadolibre.com.uy
  ⚠️  No se pudo obtener MLU848736220: getaddrinfo ENOTFOUND api.mercadolibre.com.uy
  ⚠️  No se pudo obtener MLU960692078: getaddrinfo ENOTFOUND api.mercadolibre.com.uy
  ⚠️  No se pudo obtener MLU607316194: getaddrinfo ENOTFOUND api.mercadolibre.com.uy
  ⚠️  No se pudo obtener MLU445716909: getaddrinfo ENOTFOUND api.mercadolibre.com.uy
  ⚠️  No se pudo obtener MLU636716302: getaddrinfo ENOTFOUND api.mercadolibre.com.uy
  ⚠️  No se pudo obtener MLU479166705: getaddrinfo ENOTFOUND api.mercadolibre.com.uy
  ⚠️  No se pudo obtener MLU659999770: getaddrinfo ENOTFOUND api.mercadolibre.com.uy
  ⚠️  No se pudo obtener MLU630156889: getaddrinfo ENOTFOUND api.mercadolibre.com.uy
  ⚠️  No se pudo obtener MLU848842664: getaddrinfo ENOTFOUND api.mercadolibre.com.uy
  ⚠️  No se pudo obtener MLU678190328: getaddrinfo ENOTFOUND api.mercadolibre.com.uy
  ⚠️  No se pudo obtener MLU659128372: getaddrinfo ENOTFOUND api.mercadolibre.com.uy
  ⚠️  No se pudo obtener MLU652654677: getaddrinfo ENOTFOUND api.mercadolibre.com.uy
  ⚠️  No se pudo obtener MLU638666870: getaddrinfo ENOTFOUND api.mercadolibre.com.uy
  ⚠️  No se pudo obtener MLU601481326: getaddrinfo ENOTFOUND api.mercadolibre.com.uy
  ⚠️  No se pudo obtener MLU648573492: getaddrinfo ENOTFOUND api.mercadolibre.com.uy
  ⚠️  No se pudo obtener MLU777957560: getaddrinfo ENOTFOUND api.mercadolibre.com.uy
  ⚠️  No se pudo obtener MLU662001436: getaddrinfo ENOTFOUND api.mercadolibre.com.uy
  ⚠️  No se pudo obtener MLU628015184: getaddrinfo ENOTFOUND api.mercadolibre.com.uy
  ⚠️  No se pudo obtener MLU626331613: getaddrinfo ENOTFOUND api.mercadolibre.com.uy
  ⚠️  No se pudo obtener MLU629729240: getaddrinfo ENOTFOUND api.mercadolibre.com.uy
  ⚠️  No se pudo obtener MLU624760996: getaddrinfo ENOTFOUND api.mercadolibre.com.uy
  ⚠️  No se pudo obtener MLU611773695: getaddrinfo ENOTFOUND api.mercadolibre.com.uy
  ⚠️  No se pudo obtener MLU459605147: getaddrinfo ENOTFOUND api.mercadolibre.com.uy
  ⚠️  No se pudo obtener MLU660583544: getaddrinfo ENOTFOUND api.mercadolibre.com.uy
  ⚠️  No se pudo obtener MLU623041107: getaddrinfo ENOTFOUND api.mercadolibre.com.uy
  ⚠️  No se pudo obtener MLU625214161: getaddrinfo ENOTFOUND api.mercadolibre.com.uy
  ⚠️  No se pudo obtener MLU778009948: getaddrinfo ENOTFOUND api.mercadolibre.com.uy
  ⚠️  No se pudo obtener MLU853050048: getaddrinfo ENOTFOUND api.mercadolibre.com.uy
  ⚠️  No se pudo obtener MLU610716232: getaddrinfo ENOTFOUND api.mercadolibre.com.uy
  ❌ ERROR: 0 items

──────────────────────────────────────────────────────────────────────
🏪 ELCAZADORVINTAGE (ID: 224996484)
  📡 Scrapeando Scrapfly para seller 224996484...
  ✅ HTML recibido: 1323926 bytes
  ✅ Items encontrados: 137
  ⚠️  No se pudo obtener MLU99635709223: getaddrinfo ENOTFOUND api.mercadolibre.com.uy
  ⚠️  No se pudo obtener MLU95978672154: getaddrinfo ENOTFOUND api.mercadolibre.com.uy
  ⚠️  No se pudo obtener MLU653997269: getaddrinfo ENOTFOUND api.mercadolibre.com.uy
  ⚠️  No se pudo obtener MLU868987552: getaddrinfo ENOTFOUND api.mercadolibre.com.uy
  ⚠️  No se pudo obtener MLU963100306: getaddrinfo ENOTFOUND api.mercadolibre.com.uy
  ⚠️  No se pudo obtener MLU653825055: getaddrinfo ENOTFOUND api.mercadolibre.com.uy
  ⚠️  No se pudo obtener MLU741456594: getaddrinfo ENOTFOUND api.mercadolibre.com.uy
  ⚠️  No se pudo obtener MLU5725: getaddrinfo ENOTFOUND api.mercadolibre.com.uy
  ⚠️  No se pudo obtener MLU1071: getaddrinfo ENOTFOUND api.mercadolibre.com.uy
  ⚠️  No se pudo obtener MLU1367: getaddrinfo ENOTFOUND api.mercadolibre.com.uy
  ⚠️  No se pudo obtener MLU442392: getaddrinfo ENOTFOUND api.mercadolibre.com.uy
  ⚠️  No se pudo obtener MLU1051: getaddrinfo ENOTFOUND api.mercadolibre.com.uy
  ⚠️  No se pudo obtener MLU1144: getaddrinfo ENOTFOUND api.mercadolibre.com.uy
  ⚠️  No se pudo obtener MLU1039: getaddrinfo ENOTFOUND api.mercadolibre.com.uy
  ⚠️  No se pudo obtener MLU1276: getaddrinfo ENOTFOUND api.mercadolibre.com.uy
  ⚠️  No se pudo obtener MLU5726: getaddrinfo ENOTFOUND api.mercadolibre.com.uy
  ⚠️  No se pudo obtener MLU1000: getaddrinfo ENOTFOUND api.mercadolibre.com.uy
  ⚠️  No se pudo obtener MLU208736: getaddrinfo ENOTFOUND api.mercadolibre.com.uy
  ⚠️  No se pudo obtener MLU1574: getaddrinfo ENOTFOUND api.mercadolibre.com.uy
  ⚠️  No se pudo obtener MLU1499: getaddrinfo ENOTFOUND api.mercadolibre.com.uy
  ⚠️  No se pudo obtener MLU1182: getaddrinfo ENOTFOUND api.mercadolibre.com.uy
  ⚠️  No se pudo obtener MLU3937: getaddrinfo ENOTFOUND api.mercadolibre.com.uy
  ⚠️  No se pudo obtener MLU1132: getaddrinfo ENOTFOUND api.mercadolibre.com.uy
  ⚠️  No se pudo obtener MLU442458: getaddrinfo ENOTFOUND api.mercadolibre.com.uy
  ⚠️  No se pudo obtener MLU1168: getaddrinfo ENOTFOUND api.mercadolibre.com.uy
  ⚠️  No se pudo obtener MLU1430: getaddrinfo ENOTFOUND api.mercadolibre.com.uy
  ⚠️  No se pudo obtener MLU409431: getaddrinfo ENOTFOUND api.mercadolibre.com.uy
  ⚠️  No se pudo obtener MLU1953: getaddrinfo ENOTFOUND api.mercadolibre.com.uy
  ⚠️  No se pudo obtener MLU950739904: getaddrinfo ENOTFOUND api.mercadolibre.com.uy
  ⚠️  No se pudo obtener MLU718643284: getaddrinfo ENOTFOUND api.mercadolibre.com.uy
  ⚠️  No se pudo obtener MLU784863510: getaddrinfo ENOTFOUND api.mercadolibre.com.uy
  ⚠️  No se pudo obtener MLU657543984: getaddrinfo ENOTFOUND api.mercadolibre.com.uy
  ⚠️  No se pudo obtener MLU729811952: getaddrinfo ENOTFOUND api.mercadolibre.com.uy
  ⚠️  No se pudo obtener MLU713170958: getaddrinfo ENOTFOUND api.mercadolibre.com.uy
  ⚠️  No se pudo obtener MLU672477424: getaddrinfo ENOTFOUND api.mercadolibre.com.uy
  ⚠️  No se pudo obtener MLU671442200: getaddrinfo ENOTFOUND api.mercadolibre.com.uy
  ⚠️  No se pudo obtener MLU684413660: getaddrinfo ENOTFOUND api.mercadolibre.com.uy
  ⚠️  No se pudo obtener MLU805183014: getaddrinfo ENOTFOUND api.mercadolibre.com.uy
  ⚠️  No se pudo obtener MLU630373338: getaddrinfo ENOTFOUND api.mercadolibre.com.uy
  ⚠️  No se pudo obtener MLU819525058: getaddrinfo ENOTFOUND api.mercadolibre.com.uy
  ⚠️  No se pudo obtener MLU735635396: getaddrinfo ENOTFOUND api.mercadolibre.com.uy
  ⚠️  No se pudo obtener MLU730384608: getaddrinfo ENOTFOUND api.mercadolibre.com.uy
  ⚠️  No se pudo obtener MLU956971162: getaddrinfo ENOTFOUND api.mercadolibre.com.uy
  ⚠️  No se pudo obtener MLU711338362: getaddrinfo ENOTFOUND api.mercadolibre.com.uy
  ⚠️  No se pudo obtener MLU642904569: getaddrinfo ENOTFOUND api.mercadolibre.com.uy
  ⚠️  No se pudo obtener MLU953417986: getaddrinfo ENOTFOUND api.mercadolibre.com.uy
  ⚠️  No se pudo obtener MLU802144230: getaddrinfo ENOTFOUND api.mercadolibre.com.uy
  ⚠️  No se pudo obtener MLU654271055: getaddrinfo ENOTFOUND api.mercadolibre.com.uy
  ⚠️  No se pudo obtener MLU785167806: getaddrinfo ENOTFOUND api.mercadolibre.com.uy
  ⚠️  No se pudo obtener MLU709349712: getaddrinfo ENOTFOUND api.mercadolibre.com.uy
  ❌ ERROR: 0 items

──────────────────────────────────────────────────────────────────────
🏪 WILICARBONERO (ID: 30727726)
  📡 Scrapeando Scrapfly para seller 30727726...
  ✅ HTML recibido: 1114109 bytes
  ✅ Items encontrados: 130
  ⚠️  No se pudo obtener MLU77097643227: getaddrinfo ENOTFOUND api.mercadolibre.com.uy
  ⚠️  No se pudo obtener MLU77127889789: getaddrinfo ENOTFOUND api.mercadolibre.com.uy
  ⚠️  No se pudo obtener MLU77095762539: getaddrinfo ENOTFOUND api.mercadolibre.com.uy
  ⚠️  No se pudo obtener MLU621297516: getaddrinfo ENOTFOUND api.mercadolibre.com.uy
  ⚠️  No se pudo obtener MLU618964215: getaddrinfo ENOTFOUND api.mercadolibre.com.uy
  ⚠️  No se pudo obtener MLU474319194: getaddrinfo ENOTFOUND api.mercadolibre.com.uy
  ⚠️  No se pudo obtener MLU676969222: getaddrinfo ENOTFOUND api.mercadolibre.com.uy
  ⚠️  No se pudo obtener MLU748414148: getaddrinfo ENOTFOUND api.mercadolibre.com.uy
  ⚠️  No se pudo obtener MLU1367: getaddrinfo ENOTFOUND api.mercadolibre.com.uy
  ⚠️  No se pudo obtener MLU442392: getaddrinfo ENOTFOUND api.mercadolibre.com.uy
  ⚠️  No se pudo obtener MLU1276: getaddrinfo ENOTFOUND api.mercadolibre.com.uy
  ⚠️  No se pudo obtener MLU1574: getaddrinfo ENOTFOUND api.mercadolibre.com.uy
  ⚠️  No se pudo obtener MLU1182: getaddrinfo ENOTFOUND api.mercadolibre.com.uy
  ⚠️  No se pudo obtener MLU1132: getaddrinfo ENOTFOUND api.mercadolibre.com.uy
  ⚠️  No se pudo obtener MLU442458: getaddrinfo ENOTFOUND api.mercadolibre.com.uy
  ⚠️  No se pudo obtener MLU1430: getaddrinfo ENOTFOUND api.mercadolibre.com.uy
  ⚠️  No se pudo obtener MLU111079: getaddrinfo ENOTFOUND api.mercadolibre.com.uy
  ⚠️  No se pudo obtener MLU633339111: getaddrinfo ENOTFOUND api.mercadolibre.com.uy
  ⚠️  No se pudo obtener MLU444871803: getaddrinfo ENOTFOUND api.mercadolibre.com.uy
  ⚠️  No se pudo obtener MLU702615066: getaddrinfo ENOTFOUND api.mercadolibre.com.uy
  ⚠️  No se pudo obtener MLU912864492: getaddrinfo ENOTFOUND api.mercadolibre.com.uy
  ⚠️  No se pudo obtener MLU644383725: getaddrinfo ENOTFOUND api.mercadolibre.com.uy
  ⚠️  No se pudo obtener MLU707435690: getaddrinfo ENOTFOUND api.mercadolibre.com.uy
  ⚠️  No se pudo obtener MLU949806998: getaddrinfo ENOTFOUND api.mercadolibre.com.uy
  ⚠️  No se pudo obtener MLU474796414: getaddrinfo ENOTFOUND api.mercadolibre.com.uy
  ⚠️  No se pudo obtener MLU696591986: getaddrinfo ENOTFOUND api.mercadolibre.com.uy
  ⚠️  No se pudo obtener MLU669463834: getaddrinfo ENOTFOUND api.mercadolibre.com.uy
  ⚠️  No se pudo obtener MLU709855310: getaddrinfo ENOTFOUND api.mercadolibre.com.uy
  ⚠️  No se pudo obtener MLU740667384: getaddrinfo ENOTFOUND api.mercadolibre.com.uy
  ⚠️  No se pudo obtener MLU645679153: getaddrinfo ENOTFOUND api.mercadolibre.com.uy
  ⚠️  No se pudo obtener MLU701872092: getaddrinfo ENOTFOUND api.mercadolibre.com.uy
  ⚠️  No se pudo obtener MLU711684424: getaddrinfo ENOTFOUND api.mercadolibre.com.uy
  ⚠️  No se pudo obtener MLU620950466: getaddrinfo ENOTFOUND api.mercadolibre.com.uy
  ⚠️  No se pudo obtener MLU478969183: getaddrinfo ENOTFOUND api.mercadolibre.com.uy
  ⚠️  No se pudo obtener MLU602032028: getaddrinfo ENOTFOUND api.mercadolibre.com.uy
  ⚠️  No se pudo obtener MLU742445188: getaddrinfo ENOTFOUND api.mercadolibre.com.uy
  ⚠️  No se pudo obtener MLU676634310: getaddrinfo ENOTFOUND api.mercadolibre.com.uy
  ⚠️  No se pudo obtener MLU650137671: getaddrinfo ENOTFOUND api.mercadolibre.com.uy
  ⚠️  No se pudo obtener MLU665429738: getaddrinfo ENOTFOUND api.mercadolibre.com.uy
  ⚠️  No se pudo obtener MLU724909780: getaddrinfo ENOTFOUND api.mercadolibre.com.uy
  ⚠️  No se pudo obtener MLU649358323: getaddrinfo ENOTFOUND api.mercadolibre.com.uy
  ⚠️  No se pudo obtener MLU709920484: getaddrinfo ENOTFOUND api.mercadolibre.com.uy
  ⚠️  No se pudo obtener MLU649214173: getaddrinfo ENOTFOUND api.mercadolibre.com.uy
  ⚠️  No se pudo obtener MLU686597380: getaddrinfo ENOTFOUND api.mercadolibre.com.uy
  ⚠️  No se pudo obtener MLU912942216: getaddrinfo ENOTFOUND api.mercadolibre.com.uy
  ⚠️  No se pudo obtener MLU646849850: getaddrinfo ENOTFOUND api.mercadolibre.com.uy
  ⚠️  No se pudo obtener MLU696591950: getaddrinfo ENOTFOUND api.mercadolibre.com.uy
  ⚠️  No se pudo obtener MLU645376621: getaddrinfo ENOTFOUND api.mercadolibre.com.uy
  ⚠️  No se pudo obtener MLU649435965: getaddrinfo ENOTFOUND api.mercadolibre.com.uy
  ⚠️  No se pudo obtener MLU848699576: getaddrinfo ENOTFOUND api.mercadolibre.com.uy
  ❌ ERROR: 0 items

──────────────────────────────────────────────────────────────────────
🏪 CARSL (ID: 6470403)
  📡 Scrapeando Scrapfly para seller 6470403...
  ✅ HTML recibido: 736290 bytes
  ✅ Items encontrados: 119
  ⚠️  No se pudo obtener MLU5725: getaddrinfo ENOTFOUND api.mercadolibre.com.uy
  ⚠️  No se pudo obtener MLU2818: getaddrinfo ENOTFOUND api.mercadolibre.com.uy
  ⚠️  No se pudo obtener MLU1367: getaddrinfo ENOTFOUND api.mercadolibre.com.uy
  ⚠️  No se pudo obtener MLU442392: getaddrinfo ENOTFOUND api.mercadolibre.com.uy
  ⚠️  No se pudo obtener MLU1039: getaddrinfo ENOTFOUND api.mercadolibre.com.uy
  ⚠️  No se pudo obtener MLU1499: getaddrinfo ENOTFOUND api.mercadolibre.com.uy
  ⚠️  No se pudo obtener MLU1182: getaddrinfo ENOTFOUND api.mercadolibre.com.uy
  ⚠️  No se pudo obtener MLU1132: getaddrinfo ENOTFOUND api.mercadolibre.com.uy
  ⚠️  No se pudo obtener MLU442458: getaddrinfo ENOTFOUND api.mercadolibre.com.uy
  ⚠️  No se pudo obtener MLU1168: getaddrinfo ENOTFOUND api.mercadolibre.com.uy
  ⚠️  No se pudo obtener MLU1430: getaddrinfo ENOTFOUND api.mercadolibre.com.uy
  ⚠️  No se pudo obtener MLU111079: getaddrinfo ENOTFOUND api.mercadolibre.com.uy
  ⚠️  No se pudo obtener MLU1953: getaddrinfo ENOTFOUND api.mercadolibre.com.uy
  ⚠️  No se pudo obtener MLU706599498: getaddrinfo ENOTFOUND api.mercadolibre.com.uy
  ⚠️  No se pudo obtener MLU678508596: getaddrinfo ENOTFOUND api.mercadolibre.com.uy
  ⚠️  No se pudo obtener MLU644178172: getaddrinfo ENOTFOUND api.mercadolibre.com.uy
  ⚠️  No se pudo obtener MLU706597294: getaddrinfo ENOTFOUND api.mercadolibre.com.uy
  ⚠️  No se pudo obtener MLU444662905: getaddrinfo ENOTFOUND api.mercadolibre.com.uy
  ⚠️  No se pudo obtener MLU703785084: getaddrinfo ENOTFOUND api.mercadolibre.com.uy
  ⚠️  No se pudo obtener MLU706560614: getaddrinfo ENOTFOUND api.mercadolibre.com.uy
  ⚠️  No se pudo obtener MLU690103046: getaddrinfo ENOTFOUND api.mercadolibre.com.uy
  ⚠️  No se pudo obtener MLU682200680: getaddrinfo ENOTFOUND api.mercadolibre.com.uy
  ⚠️  No se pudo obtener MLU475503258: getaddrinfo ENOTFOUND api.mercadolibre.com.uy
  ⚠️  No se pudo obtener MLU478764133: getaddrinfo ENOTFOUND api.mercadolibre.com.uy
  ⚠️  No se pudo obtener MLU635350819: getaddrinfo ENOTFOUND api.mercadolibre.com.uy
  ⚠️  No se pudo obtener MLU676904128: getaddrinfo ENOTFOUND api.mercadolibre.com.uy
  ⚠️  No se pudo obtener MLU444768884: getaddrinfo ENOTFOUND api.mercadolibre.com.uy
  ⚠️  No se pudo obtener MLU468203644: getaddrinfo ENOTFOUND api.mercadolibre.com.uy
  ⚠️  No se pudo obtener MLU621025091: getaddrinfo ENOTFOUND api.mercadolibre.com.uy
  ⚠️  No se pudo obtener MLU635363669: getaddrinfo ENOTFOUND api.mercadolibre.com.uy
  ⚠️  No se pudo obtener MLU637708109: getaddrinfo ENOTFOUND api.mercadolibre.com.uy
  ⚠️  No se pudo obtener MLU445353450: getaddrinfo ENOTFOUND api.mercadolibre.com.uy
  ⚠️  No se pudo obtener MLU472416592: getaddrinfo ENOTFOUND api.mercadolibre.com.uy
  ⚠️  No se pudo obtener MLU479927822: getaddrinfo ENOTFOUND api.mercadolibre.com.uy
  ⚠️  No se pudo obtener MLU480927023: getaddrinfo ENOTFOUND api.mercadolibre.com.uy
  ⚠️  No se pudo obtener MLU443908718: getaddrinfo ENOTFOUND api.mercadolibre.com.uy
  ⚠️  No se pudo obtener MLU444662857: getaddrinfo ENOTFOUND api.mercadolibre.com.uy
  ⚠️  No se pudo obtener MLU444662876: getaddrinfo ENOTFOUND api.mercadolibre.com.uy
  ⚠️  No se pudo obtener MLU444678218: getaddrinfo ENOTFOUND api.mercadolibre.com.uy
  ⚠️  No se pudo obtener MLU445353464: getaddrinfo ENOTFOUND api.mercadolibre.com.uy
  ⚠️  No se pudo obtener MLU445674095: getaddrinfo ENOTFOUND api.mercadolibre.com.uy
  ⚠️  No se pudo obtener MLU478275182: getaddrinfo ENOTFOUND api.mercadolibre.com.uy
  ⚠️  No se pudo obtener MLU605945425: getaddrinfo ENOTFOUND api.mercadolibre.com.uy
  ⚠️  No se pudo obtener MLU444651450: getaddrinfo ENOTFOUND api.mercadolibre.com.uy
  ⚠️  No se pudo obtener MLU446805926: getaddrinfo ENOTFOUND api.mercadolibre.com.uy
  ⚠️  No se pudo obtener MLU471311957: getaddrinfo ENOTFOUND api.mercadolibre.com.uy
  ⚠️  No se pudo obtener MLU475503057: getaddrinfo ENOTFOUND api.mercadolibre.com.uy
  ⚠️  No se pudo obtener MLU444671843: getaddrinfo ENOTFOUND api.mercadolibre.com.uy
  ⚠️  No se pudo obtener MLU445414271: getaddrinfo ENOTFOUND api.mercadolibre.com.uy
  ⚠️  No se pudo obtener MLU466013611: getaddrinfo ENOTFOUND api.mercadolibre.com.uy
  ❌ ERROR: 0 items

──────────────────────────────────────────────────────────────────────
🏪 VENGANZADEREINAANA (ID: 101941840)
  📡 Scrapeando Scrapfly para seller 101941840...
  ✅ HTML recibido: 872726 bytes
  ✅ Items encontrados: 90
  ⚠️  No se pudo obtener MLU30067348: getaddrinfo ENOTFOUND api.mercadolibre.com.uy
  ⚠️  No se pudo obtener MLU84414797338: getaddrinfo ENOTFOUND api.mercadolibre.com.uy
  ⚠️  No se pudo obtener MLU4928426180: getaddrinfo ENOTFOUND api.mercadolibre.com.uy
  ⚠️  No se pudo obtener MLU455492678: getaddrinfo ENOTFOUND api.mercadolibre.com.uy
  ⚠️  No se pudo obtener MLU448879894: getaddrinfo ENOTFOUND api.mercadolibre.com.uy
  ⚠️  No se pudo obtener MLU730683886: getaddrinfo ENOTFOUND api.mercadolibre.com.uy
  ⚠️  No se pudo obtener MLU454888987: getaddrinfo ENOTFOUND api.mercadolibre.com.uy
  ⚠️  No se pudo obtener MLU446737760: getaddrinfo ENOTFOUND api.mercadolibre.com.uy
  ⚠️  No se pudo obtener MLU5725: getaddrinfo ENOTFOUND api.mercadolibre.com.uy
  ⚠️  No se pudo obtener MLU1403: getaddrinfo ENOTFOUND api.mercadolibre.com.uy
  ⚠️  No se pudo obtener MLU1367: getaddrinfo ENOTFOUND api.mercadolibre.com.uy
  ⚠️  No se pudo obtener MLU442392: getaddrinfo ENOTFOUND api.mercadolibre.com.uy
  ⚠️  No se pudo obtener MLU1246: getaddrinfo ENOTFOUND api.mercadolibre.com.uy
  ⚠️  No se pudo obtener MLU1051: getaddrinfo ENOTFOUND api.mercadolibre.com.uy
  ⚠️  No se pudo obtener MLU1144: getaddrinfo ENOTFOUND api.mercadolibre.com.uy
  ⚠️  No se pudo obtener MLU1500: getaddrinfo ENOTFOUND api.mercadolibre.com.uy
  ⚠️  No se pudo obtener MLU1039: getaddrinfo ENOTFOUND api.mercadolibre.com.uy
  ⚠️  No se pudo obtener MLU1276: getaddrinfo ENOTFOUND api.mercadolibre.com.uy
  ⚠️  No se pudo obtener MLU5726: getaddrinfo ENOTFOUND api.mercadolibre.com.uy
  ⚠️  No se pudo obtener MLU1000: getaddrinfo ENOTFOUND api.mercadolibre.com.uy
  ⚠️  No se pudo obtener MLU208736: getaddrinfo ENOTFOUND api.mercadolibre.com.uy
  ⚠️  No se pudo obtener MLU1574: getaddrinfo ENOTFOUND api.mercadolibre.com.uy
  ⚠️  No se pudo obtener MLU1499: getaddrinfo ENOTFOUND api.mercadolibre.com.uy
  ⚠️  No se pudo obtener MLU1182: getaddrinfo ENOTFOUND api.mercadolibre.com.uy
  ⚠️  No se pudo obtener MLU3937: getaddrinfo ENOTFOUND api.mercadolibre.com.uy
  ⚠️  No se pudo obtener MLU1132: getaddrinfo ENOTFOUND api.mercadolibre.com.uy
  ⚠️  No se pudo obtener MLU442458: getaddrinfo ENOTFOUND api.mercadolibre.com.uy
  ⚠️  No se pudo obtener MLU1168: getaddrinfo ENOTFOUND api.mercadolibre.com.uy
  ⚠️  No se pudo obtener MLU1430: getaddrinfo ENOTFOUND api.mercadolibre.com.uy
  ⚠️  No se pudo obtener MLU409431: getaddrinfo ENOTFOUND api.mercadolibre.com.uy
  ⚠️  No se pudo obtener MLU111079: getaddrinfo ENOTFOUND api.mercadolibre.com.uy
  ⚠️  No se pudo obtener MLU1953: getaddrinfo ENOTFOUND api.mercadolibre.com.uy
  ⚠️  No se pudo obtener MLU448157825: getaddrinfo ENOTFOUND api.mercadolibre.com.uy
  ⚠️  No se pudo obtener MLU451261145: getaddrinfo ENOTFOUND api.mercadolibre.com.uy
  ⚠️  No se pudo obtener MLU446042158: getaddrinfo ENOTFOUND api.mercadolibre.com.uy
  ⚠️  No se pudo obtener MLU456177972: getaddrinfo ENOTFOUND api.mercadolibre.com.uy
  ⚠️  No se pudo obtener MLU452890604: getaddrinfo ENOTFOUND api.mercadolibre.com.uy
  ⚠️  No se pudo obtener MLU446402264: getaddrinfo ENOTFOUND api.mercadolibre.com.uy
  ⚠️  No se pudo obtener MLU448092210: getaddrinfo ENOTFOUND api.mercadolibre.com.uy
  ⚠️  No se pudo obtener MLU448407091: getaddrinfo ENOTFOUND api.mercadolibre.com.uy
  ⚠️  No se pudo obtener MLU446042181: getaddrinfo ENOTFOUND api.mercadolibre.com.uy
  ⚠️  No se pudo obtener MLU449225825: getaddrinfo ENOTFOUND api.mercadolibre.com.uy
  ⚠️  No se pudo obtener MLU450422610: getaddrinfo ENOTFOUND api.mercadolibre.com.uy
  ⚠️  No se pudo obtener MLU448092190: getaddrinfo ENOTFOUND api.mercadolibre.com.uy
  ⚠️  No se pudo obtener MLU448671874: getaddrinfo ENOTFOUND api.mercadolibre.com.uy
  ⚠️  No se pudo obtener MLU446042136: getaddrinfo ENOTFOUND api.mercadolibre.com.uy
  ⚠️  No se pudo obtener MLU448407089: getaddrinfo ENOTFOUND api.mercadolibre.com.uy
  ⚠️  No se pudo obtener MLU453853003: getaddrinfo ENOTFOUND api.mercadolibre.com.uy
  ⚠️  No se pudo obtener MLU449266611: getaddrinfo ENOTFOUND api.mercadolibre.com.uy
  ⚠️  No se pudo obtener MLU454888359: getaddrinfo ENOTFOUND api.mercadolibre.com.uy
  ❌ ERROR: 0 items

──────────────────────────────────────────────────────────────────────
🏪 ELMUSEITO (ID: 74533587)
  📡 Scrapeando Scrapfly para seller 74533587...
  ✅ HTML recibido: 1331528 bytes
  ✅ Items encontrados: 161
  ⚠️  No se pudo obtener MLU89730507783: getaddrinfo ENOTFOUND api.mercadolibre.com.uy
  ⚠️  No se pudo obtener MLU95374000861: getaddrinfo ENOTFOUND api.mercadolibre.com.uy
  ⚠️  No se pudo obtener MLU86224054227: getaddrinfo ENOTFOUND api.mercadolibre.com.uy
  ⚠️  No se pudo obtener MLU448442099: getaddrinfo ENOTFOUND api.mercadolibre.com.uy
  ⚠️  No se pudo obtener MLU815283794: getaddrinfo ENOTFOUND api.mercadolibre.com.uy
  ⚠️  No se pudo obtener MLU903100962: getaddrinfo ENOTFOUND api.mercadolibre.com.uy
  ⚠️  No se pudo obtener MLU751609700: getaddrinfo ENOTFOUND api.mercadolibre.com.uy
  ⚠️  No se pudo obtener MLU959350640: getaddrinfo ENOTFOUND api.mercadolibre.com.uy
  ⚠️  No se pudo obtener MLU5725: getaddrinfo ENOTFOUND api.mercadolibre.com.uy
  ⚠️  No se pudo obtener MLU1512: getaddrinfo ENOTFOUND api.mercadolibre.com.uy
  ⚠️  No se pudo obtener MLU1403: getaddrinfo ENOTFOUND api.mercadolibre.com.uy
  ⚠️  No se pudo obtener MLU1071: getaddrinfo ENOTFOUND api.mercadolibre.com.uy
  ⚠️  No se pudo obtener MLU1367: getaddrinfo ENOTFOUND api.mercadolibre.com.uy
  ⚠️  No se pudo obtener MLU442392: getaddrinfo ENOTFOUND api.mercadolibre.com.uy
  ⚠️  No se pudo obtener MLU1384: getaddrinfo ENOTFOUND api.mercadolibre.com.uy
  ⚠️  No se pudo obtener MLU1246: getaddrinfo ENOTFOUND api.mercadolibre.com.uy
  ⚠️  No se pudo obtener MLU1144: getaddrinfo ENOTFOUND api.mercadolibre.com.uy
  ⚠️  No se pudo obtener MLU1500: getaddrinfo ENOTFOUND api.mercadolibre.com.uy
  ⚠️  No se pudo obtener MLU1039: getaddrinfo ENOTFOUND api.mercadolibre.com.uy
  ⚠️  No se pudo obtener MLU1276: getaddrinfo ENOTFOUND api.mercadolibre.com.uy
  ⚠️  No se pudo obtener MLU5726: getaddrinfo ENOTFOUND api.mercadolibre.com.uy
  ⚠️  No se pudo obtener MLU1000: getaddrinfo ENOTFOUND api.mercadolibre.com.uy
  ⚠️  No se pudo obtener MLU208736: getaddrinfo ENOTFOUND api.mercadolibre.com.uy
  ⚠️  No se pudo obtener MLU1574: getaddrinfo ENOTFOUND api.mercadolibre.com.uy
  ⚠️  No se pudo obtener MLU1499: getaddrinfo ENOTFOUND api.mercadolibre.com.uy
  ⚠️  No se pudo obtener MLU1182: getaddrinfo ENOTFOUND api.mercadolibre.com.uy
  ⚠️  No se pudo obtener MLU3937: getaddrinfo ENOTFOUND api.mercadolibre.com.uy
  ⚠️  No se pudo obtener MLU1132: getaddrinfo ENOTFOUND api.mercadolibre.com.uy
  ⚠️  No se pudo obtener MLU442458: getaddrinfo ENOTFOUND api.mercadolibre.com.uy
  ⚠️  No se pudo obtener MLU1168: getaddrinfo ENOTFOUND api.mercadolibre.com.uy
  ⚠️  No se pudo obtener MLU1430: getaddrinfo ENOTFOUND api.mercadolibre.com.uy
  ⚠️  No se pudo obtener MLU111079: getaddrinfo ENOTFOUND api.mercadolibre.com.uy
  ⚠️  No se pudo obtener MLU1953: getaddrinfo ENOTFOUND api.mercadolibre.com.uy
  ⚠️  No se pudo obtener MLU481233507: getaddrinfo ENOTFOUND api.mercadolibre.com.uy
  ⚠️  No se pudo obtener MLU935760354: getaddrinfo ENOTFOUND api.mercadolibre.com.uy
  ⚠️  No se pudo obtener MLU750816970: getaddrinfo ENOTFOUND api.mercadolibre.com.uy
  ⚠️  No se pudo obtener MLU466949856: getaddrinfo ENOTFOUND api.mercadolibre.com.uy
  ⚠️  No se pudo obtener MLU476935295: getaddrinfo ENOTFOUND api.mercadolibre.com.uy
  ⚠️  No se pudo obtener MLU658764064: getaddrinfo ENOTFOUND api.mercadolibre.com.uy
  ⚠️  No se pudo obtener MLU1036116794: getaddrinfo ENOTFOUND api.mercadolibre.com.uy
  ⚠️  No se pudo obtener MLU1192451798: getaddrinfo ENOTFOUND api.mercadolibre.com.uy
  ⚠️  No se pudo obtener MLU478007464: getaddrinfo ENOTFOUND api.mercadolibre.com.uy
  ⚠️  No se pudo obtener MLU640538296: getaddrinfo ENOTFOUND api.mercadolibre.com.uy
  ⚠️  No se pudo obtener MLU793562216: getaddrinfo ENOTFOUND api.mercadolibre.com.uy
  ⚠️  No se pudo obtener MLU1029367594: getaddrinfo ENOTFOUND api.mercadolibre.com.uy
  ⚠️  No se pudo obtener MLU477367916: getaddrinfo ENOTFOUND api.mercadolibre.com.uy
  ⚠️  No se pudo obtener MLU473723384: getaddrinfo ENOTFOUND api.mercadolibre.com.uy
  ⚠️  No se pudo obtener MLU477592967: getaddrinfo ENOTFOUND api.mercadolibre.com.uy
  ⚠️  No se pudo obtener MLU478843422: getaddrinfo ENOTFOUND api.mercadolibre.com.uy
  ⚠️  No se pudo obtener MLU799075494: getaddrinfo ENOTFOUND api.mercadolibre.com.uy
  ❌ ERROR: 0 items

──────────────────────────────────────────────────────────────────────
🏪 DESCONOCIDO (ID: 81598742)
  📡 Scrapeando Scrapfly para seller 81598742...
  ✅ HTML recibido: 1104061 bytes
  ✅ Items encontrados: 118
  ⚠️  No se pudo obtener MLU93863450914: getaddrinfo ENOTFOUND api.mercadolibre.com.uy
  ⚠️  No se pudo obtener MLU88903804397: getaddrinfo ENOTFOUND api.mercadolibre.com.uy
  ⚠️  No se pudo obtener MLU93793246732: getaddrinfo ENOTFOUND api.mercadolibre.com.uy
  ⚠️  No se pudo obtener MLU949685224: getaddrinfo ENOTFOUND api.mercadolibre.com.uy
  ⚠️  No se pudo obtener MLU706081272: getaddrinfo ENOTFOUND api.mercadolibre.com.uy
  ⚠️  No se pudo obtener MLU800399326: getaddrinfo ENOTFOUND api.mercadolibre.com.uy
  ⚠️  No se pudo obtener MLU887583082: getaddrinfo ENOTFOUND api.mercadolibre.com.uy
  ⚠️  No se pudo obtener MLU706476782: getaddrinfo ENOTFOUND api.mercadolibre.com.uy
  ⚠️  No se pudo obtener MLU1367: getaddrinfo ENOTFOUND api.mercadolibre.com.uy
  ⚠️  No se pudo obtener MLU442392: getaddrinfo ENOTFOUND api.mercadolibre.com.uy
  ⚠️  No se pudo obtener MLU5726: getaddrinfo ENOTFOUND api.mercadolibre.com.uy
  ⚠️  No se pudo obtener MLU1574: getaddrinfo ENOTFOUND api.mercadolibre.com.uy
  ⚠️  No se pudo obtener MLU1499: getaddrinfo ENOTFOUND api.mercadolibre.com.uy
  ⚠️  No se pudo obtener MLU1132: getaddrinfo ENOTFOUND api.mercadolibre.com.uy
  ⚠️  No se pudo obtener MLU442458: getaddrinfo ENOTFOUND api.mercadolibre.com.uy
  ⚠️  No se pudo obtener MLU1168: getaddrinfo ENOTFOUND api.mercadolibre.com.uy
  ⚠️  No se pudo obtener MLU1430: getaddrinfo ENOTFOUND api.mercadolibre.com.uy
  ⚠️  No se pudo obtener MLU409431: getaddrinfo ENOTFOUND api.mercadolibre.com.uy
  ⚠️  No se pudo obtener MLU1953: getaddrinfo ENOTFOUND api.mercadolibre.com.uy
  ⚠️  No se pudo obtener MLU889081138: getaddrinfo ENOTFOUND api.mercadolibre.com.uy
  ⚠️  No se pudo obtener MLU653532997: getaddrinfo ENOTFOUND api.mercadolibre.com.uy
  ⚠️  No se pudo obtener MLU887465324: getaddrinfo ENOTFOUND api.mercadolibre.com.uy
  ⚠️  No se pudo obtener MLU907460084: getaddrinfo ENOTFOUND api.mercadolibre.com.uy
  ⚠️  No se pudo obtener MLU642517127: getaddrinfo ENOTFOUND api.mercadolibre.com.uy
  ⚠️  No se pudo obtener MLU887466552: getaddrinfo ENOTFOUND api.mercadolibre.com.uy
  ⚠️  No se pudo obtener MLU647817885: getaddrinfo ENOTFOUND api.mercadolibre.com.uy
  ⚠️  No se pudo obtener MLU889075874: getaddrinfo ENOTFOUND api.mercadolibre.com.uy
  ⚠️  No se pudo obtener MLU685677056: getaddrinfo ENOTFOUND api.mercadolibre.com.uy
  ⚠️  No se pudo obtener MLU980410576: getaddrinfo ENOTFOUND api.mercadolibre.com.uy
  ⚠️  No se pudo obtener MLU724146548: getaddrinfo ENOTFOUND api.mercadolibre.com.uy
  ⚠️  No se pudo obtener MLU684970666: getaddrinfo ENOTFOUND api.mercadolibre.com.uy
  ⚠️  No se pudo obtener MLU978588512: getaddrinfo ENOTFOUND api.mercadolibre.com.uy
  ⚠️  No se pudo obtener MLU664356902: getaddrinfo ENOTFOUND api.mercadolibre.com.uy
  ⚠️  No se pudo obtener MLU653546283: getaddrinfo ENOTFOUND api.mercadolibre.com.uy
  ⚠️  No se pudo obtener MLU685026944: getaddrinfo ENOTFOUND api.mercadolibre.com.uy
  ⚠️  No se pudo obtener MLU803844028: getaddrinfo ENOTFOUND api.mercadolibre.com.uy
  ⚠️  No se pudo obtener MLU634507909: getaddrinfo ENOTFOUND api.mercadolibre.com.uy
  ⚠️  No se pudo obtener MLU607824079: getaddrinfo ENOTFOUND api.mercadolibre.com.uy
  ⚠️  No se pudo obtener MLU706310354: getaddrinfo ENOTFOUND api.mercadolibre.com.uy
  ⚠️  No se pudo obtener MLU706386874: getaddrinfo ENOTFOUND api.mercadolibre.com.uy
  ⚠️  No se pudo obtener MLU654738620: getaddrinfo ENOTFOUND api.mercadolibre.com.uy
  ⚠️  No se pudo obtener MLU657646970: getaddrinfo ENOTFOUND api.mercadolibre.com.uy
  ⚠️  No se pudo obtener MLU634194153: getaddrinfo ENOTFOUND api.mercadolibre.com.uy
  ⚠️  No se pudo obtener MLU633296961: getaddrinfo ENOTFOUND api.mercadolibre.com.uy
  ⚠️  No se pudo obtener MLU1006833768: getaddrinfo ENOTFOUND api.mercadolibre.com.uy
  ⚠️  No se pudo obtener MLU887468708: getaddrinfo ENOTFOUND api.mercadolibre.com.uy
  ⚠️  No se pudo obtener MLU887518224: getaddrinfo ENOTFOUND api.mercadolibre.com.uy
  ⚠️  No se pudo obtener MLU647676735: getaddrinfo ENOTFOUND api.mercadolibre.com.uy
  ⚠️  No se pudo obtener MLU647766083: getaddrinfo ENOTFOUND api.mercadolibre.com.uy
  ⚠️  No se pudo obtener MLU654403484: getaddrinfo ENOTFOUND api.mercadolibre.com.uy
  ❌ ERROR: 0 items

══════════════════════════════════════════════════════════════════════
✅ MONITOR COMPLETADO
═'.repeat(70)}

📊 RESUMEN:
   Items procesados: 0
   Vendedores OK: 0/15
   Status: partial

✅ Ejecución guardada en execution_logs

⚠️  ALERTA: 15 vendedores fallaron (100.0%)

══════════════════════════════════════════════════════════════════════

